# JRE version: OpenJDK Runtime Environment GraalVM CE 22.3.0 (17.0.5+8) (build 17.0.5+8-jvmci-22.3-b08)
# Java VM: OpenJDK 64-Bit Server VM GraalVM CE 22.3.0 (17.0.5+8-jvmci-22.3-b08, mixed mode, sharing, tiered, jvmci, jvmci compiler, compressed oops, compressed class ptrs, parallel gc, linux-amd64)
GC Precious Log:
 CPUs: 8 total, 1 available
 Memory: 1024M
 Large Page Support: Disabled
 NUMA Support: Disabled
 Compressed Oops: Enabled (32-bit)
 Alignments: Space 512K, Generation 512K, Heap 2M
 Heap Min Capacity: 100M
 Heap Initial Capacity: 100M
 Heap Max Capacity: 512M
 Pre-touch: Disabled
 Parallel Workers: 1
Heap:
 PSYoungGen      total 51712K, used 33280K [0x00000000f5580000, 0x00000000f9c80000, 0x0000000100000000)
  eden space 33280K, 100% used [0x00000000f5580000,0x00000000f7600000,0x00000000f7600000)
  from space 18432K, 0% used [0x00000000f7600000,0x00000000f7600000,0x00000000f8800000)
  to   space 17920K, 0% used [0x00000000f8880000,0x00000000f8880000,0x00000000f9a00000)
 ParOldGen       total 349696K, used 349695K [0x00000000e0000000, 0x00000000f5580000, 0x00000000f5580000)
  object space 349696K, 99% used [0x00000000e0000000,0x00000000f557ffc8,0x00000000f5580000)
 Metaspace       used 53139K, committed 54208K, reserved 1097728K
  class space    used 5163K, committed 5632K, reserved 1048576K
GC Heap History (20 events):
Event: 717.079 GC heap before
{Heap before GC invocations=468 (full 404):
 PSYoungGen      total 51712K, used 33279K [0x00000000f5580000, 0x00000000f9c80000, 0x0000000100000000)
  eden space 33280K, 99% used [0x00000000f5580000,0x00000000f75fffa8,0x00000000f7600000)
  from space 18432K, 0% used [0x00000000f7600000,0x00000000f7600000,0x00000000f8800000)
  to   space 17920K, 0% used [0x00000000f8880000,0x00000000f8880000,0x00000000f9a00000)
 ParOldGen       total 349696K, used 349686K [0x00000000e0000000, 0x00000000f5580000, 0x00000000f5580000)
  object space 349696K, 99% used [0x00000000e0000000,0x00000000f557db90,0x00000000f5580000)
 Metaspace       used 53131K, committed 54208K, reserved 1097728K
  class space    used 5162K, committed 5632K, reserved 1048576K
}
Event: 718.457 GC heap after
{Heap after GC invocations=468 (full 404):
 PSYoungGen      total 51200K, used 33279K [0x00000000f5580000, 0x00000000f9c80000, 0x0000000100000000)
  eden space 33280K, 99% used [0x00000000f5580000,0x00000000f75fff78,0x00000000f7600000)
  from space 17920K, 0% used [0x00000000f8880000,0x00000000f8880000,0x00000000f9a00000)
  to   space 18432K, 0% used [0x00000000f7600000,0x00000000f7600000,0x00000000f8800000)
 ParOldGen       total 349696K, used 349686K [0x00000000e0000000, 0x00000000f5580000, 0x00000000f5580000)
  object space 349696K, 99% used [0x00000000e0000000,0x00000000f557db90,0x00000000f5580000)
 Metaspace       used 53131K, committed 54208K, reserved 1097728K
  class space    used 5162K, committed 5632K, reserved 1048576K
}
Event: 718.461 GC heap before
{Heap before GC invocations=469 (full 405):
 PSYoungGen      total 51200K, used 33279K [0x00000000f5580000, 0x00000000f9c80000, 0x0000000100000000)
  eden space 33280K, 99% used [0x00000000f5580000,0x00000000f75ffff0,0x00000000f7600000)
  from space 17920K, 0% used [0x00000000f8880000,0x00000000f8880000,0x00000000f9a00000)
  to   space 18432K, 0% used [0x00000000f7600000,0x00000000f7600000,0x00000000f8800000)
 ParOldGen       total 349696K, used 349689K [0x00000000e0000000, 0x00000000f5580000, 0x00000000f5580000)
  object space 349696K, 99% used [0x00000000e0000000,0x00000000f557e720,0x00000000f5580000)
 Metaspace       used 53131K, committed 54208K, reserved 1097728K
  class space    used 5162K, committed 5632K, reserved 1048576K
}
Event: 719.703 GC heap after
{Heap after GC invocations=469 (full 405):
 PSYoungGen      total 51712K, used 33279K [0x00000000f5580000, 0x00000000f9c80000, 0x0000000100000000)
  eden space 33280K, 99% used [0x00000000f5580000,0x00000000f75fff20,0x00000000f7600000)
  from space 18432K, 0% used [0x00000000f7600000,0x00000000f7600000,0x00000000f8800000)
  to   space 17920K, 0% used [0x00000000f8880000,0x00000000f8880000,0x00000000f9a00000)
 ParOldGen       total 349696K, used 349687K [0x00000000e0000000, 0x00000000f5580000, 0x00000000f5580000)
  object space 349696K, 99% used [0x00000000e0000000,0x00000000f557df78,0x00000000f5580000)
 Metaspace       used 53131K, committed 54208K, reserved 1097728K
  class space    used 5162K, committed 5632K, reserved 1048576K
}
Event: 719.703 GC heap before
{Heap before GC invocations=470 (full 406):
 PSYoungGen      total 51712K, used 33280K [0x00000000f5580000, 0x00000000f9c80000, 0x0000000100000000)
  eden space 33280K, 100% used [0x00000000f5580000,0x00000000f7600000,0x00000000f7600000)
  from space 18432K, 0% used [0x00000000f7600000,0x00000000f7600000,0x00000000f8800000)
  to   space 17920K, 0% used [0x00000000f8880000,0x00000000f8880000,0x00000000f9a00000)
 ParOldGen       total 349696K, used 349687K [0x00000000e0000000, 0x00000000f5580000, 0x00000000f5580000)
  object space 349696K, 99% used [0x00000000e0000000,0x00000000f557df78,0x00000000f5580000)
 Metaspace       used 53131K, committed 54208K, reserved 1097728K
  class space    used 5162K, committed 5632K, reserved 1048576K
}
Event: 721.010 GC heap after
{Heap after GC invocations=470 (full 406):
 PSYoungGen      total 51200K, used 33280K [0x00000000f5580000, 0x00000000f9c80000, 0x0000000100000000)
  eden space 33280K, 100% used [0x00000000f5580000,0x00000000f7600000,0x00000000f7600000)
  from space 17920K, 0% used [0x00000000f8880000,0x00000000f8880000,0x00000000f9a00000)
  to   space 18432K, 0% used [0x00000000f7600000,0x00000000f7600000,0x00000000f8800000)
 ParOldGen       total 349696K, used 349687K [0x00000000e0000000, 0x00000000f5580000, 0x00000000f5580000)
  object space 349696K, 99% used [0x00000000e0000000,0x00000000f557df40,0x00000000f5580000)
 Metaspace       used 53131K, committed 54208K, reserved 1097728K
  class space    used 5162K, committed 5632K, reserved 1048576K
}
Event: 721.010 GC heap before
{Heap before GC invocations=471 (full 407):
 PSYoungGen      total 51200K, used 33280K [0x00000000f5580000, 0x00000000f9c80000, 0x0000000100000000)
  eden space 33280K, 100% used [0x00000000f5580000,0x00000000f7600000,0x00000000f7600000)
  from space 17920K, 0% used [0x00000000f8880000,0x00000000f8880000,0x00000000f9a00000)
  to   space 18432K, 0% used [0x00000000f7600000,0x00000000f7600000,0x00000000f8800000)
 ParOldGen       total 349696K, used 349693K [0x00000000e0000000, 0x00000000f5580000, 0x00000000f5580000)
  object space 349696K, 99% used [0x00000000e0000000,0x00000000f557f658,0x00000000f5580000)
 Metaspace       used 53132K, committed 54208K, reserved 1097728K
  class space    used 5163K, committed 5632K, reserved 1048576K
}
Event: 722.582 GC heap after
{Heap after GC invocations=471 (full 407):
 PSYoungGen      total 51712K, used 33279K [0x00000000f5580000, 0x00000000f9c80000, 0x0000000100000000)
  eden space 33280K, 99% used [0x00000000f5580000,0x00000000f75fffc0,0x00000000f7600000)
  from space 18432K, 0% used [0x00000000f7600000,0x00000000f7600000,0x00000000f8800000)
  to   space 17920K, 0% used [0x00000000f8880000,0x00000000f8880000,0x00000000f9a00000)
 ParOldGen       total 349696K, used 349690K [0x00000000e0000000, 0x00000000f5580000, 0x00000000f5580000)
  object space 349696K, 99% used [0x00000000e0000000,0x00000000f557eb00,0x00000000f5580000)
 Metaspace       used 53132K, committed 54208K, reserved 1097728K
  class space    used 5163K, committed 5632K, reserved 1048576K
}
Event: 722.586 GC heap before
{Heap before GC invocations=472 (full 408):
 PSYoungGen      total 51712K, used 33279K [0x00000000f5580000, 0x00000000f9c80000, 0x0000000100000000)
  eden space 33280K, 99% used [0x00000000f5580000,0x00000000f75ffff8,0x00000000f7600000)
  from space 18432K, 0% used [0x00000000f7600000,0x00000000f7600000,0x00000000f8800000)
  to   space 17920K, 0% used [0x00000000f8880000,0x00000000f8880000,0x00000000f9a00000)
 ParOldGen       total 349696K, used 349694K [0x00000000e0000000, 0x00000000f5580000, 0x00000000f5580000)
  object space 349696K, 99% used [0x00000000e0000000,0x00000000f557f800,0x00000000f5580000)
 Metaspace       used 53132K, committed 54208K, reserved 1097728K
  class space    used 5163K, committed 5632K, reserved 1048576K
}
Event: 723.935 GC heap after
{Heap after GC invocations=472 (full 408):
 PSYoungGen      total 51200K, used 33279K [0x00000000f5580000, 0x00000000f9c80000, 0x0000000100000000)
  eden space 33280K, 99% used [0x00000000f5580000,0x00000000f75ffdf8,0x00000000f7600000)
  from space 17920K, 0% used [0x00000000f8880000,0x00000000f8880000,0x00000000f9a00000)
  to   space 18432K, 0% used [0x00000000f7600000,0x00000000f7600000,0x00000000f8800000)
 ParOldGen       total 349696K, used 349691K [0x00000000e0000000, 0x00000000f5580000, 0x00000000f5580000)
  object space 349696K, 99% used [0x00000000e0000000,0x00000000f557eff0,0x00000000f5580000)
 Metaspace       used 53132K, committed 54208K, reserved 1097728K
  class space    used 5163K, committed 5632K, reserved 1048576K
}
Event: 723.935 GC heap before
{Heap before GC invocations=473 (full 409):
 PSYoungGen      total 51200K, used 33279K [0x00000000f5580000, 0x00000000f9c80000, 0x0000000100000000)
  eden space 33280K, 99% used [0x00000000f5580000,0x00000000f75ffff0,0x00000000f7600000)
  from space 17920K, 0% used [0x00000000f8880000,0x00000000f8880000,0x00000000f9a00000)
  to   space 18432K, 0% used [0x00000000f7600000,0x00000000f7600000,0x00000000f8800000)
 ParOldGen       total 349696K, used 349691K [0x00000000e0000000, 0x00000000f5580000, 0x00000000f5580000)
  object space 349696K, 99% used [0x00000000e0000000,0x00000000f557eff0,0x00000000f5580000)
 Metaspace       used 53132K, committed 54208K, reserved 1097728K
  class space    used 5163K, committed 5632K, reserved 1048576K
}
Event: 725.208 GC heap after
{Heap after GC invocations=473 (full 409):
 PSYoungGen      total 51712K, used 33279K [0x00000000f5580000, 0x00000000f9c80000, 0x0000000100000000)
  eden space 33280K, 99% used [0x00000000f5580000,0x00000000f75ffff0,0x00000000f7600000)
  from space 18432K, 0% used [0x00000000f7600000,0x00000000f7600000,0x00000000f8800000)
  to   space 17920K, 0% used [0x00000000f8880000,0x00000000f8880000,0x00000000f9a00000)
 ParOldGen       total 349696K, used 349691K [0x00000000e0000000, 0x00000000f5580000, 0x00000000f5580000)
  object space 349696K, 99% used [0x00000000e0000000,0x00000000f557eff0,0x00000000f5580000)
 Metaspace       used 53132K, committed 54208K, reserved 1097728K
  class space    used 5163K, committed 5632K, reserved 1048576K
}
Event: 725.211 GC heap before
{Heap before GC invocations=474 (full 410):
 PSYoungGen      total 51712K, used 33280K [0x00000000f5580000, 0x00000000f9c80000, 0x0000000100000000)
  eden space 33280K, 100% used [0x00000000f5580000,0x00000000f7600000,0x00000000f7600000)
  from space 18432K, 0% used [0x00000000f7600000,0x00000000f7600000,0x00000000f8800000)
  to   space 17920K, 0% used [0x00000000f8880000,0x00000000f8880000,0x00000000f9a00000)
 ParOldGen       total 349696K, used 349694K [0x00000000e0000000, 0x00000000f5580000, 0x00000000f5580000)
  object space 349696K, 99% used [0x00000000e0000000,0x00000000f557f8b8,0x00000000f5580000)
 Metaspace       used 53138K, committed 54208K, reserved 1097728K
  class space    used 5163K, committed 5632K, reserved 1048576K
}
Event: 726.408 GC heap after
{Heap after GC invocations=474 (full 410):
 PSYoungGen      total 51200K, used 33279K [0x00000000f5580000, 0x00000000f9c80000, 0x0000000100000000)
  eden space 33280K, 99% used [0x00000000f5580000,0x00000000f75ffed0,0x00000000f7600000)
  from space 17920K, 0% used [0x00000000f8880000,0x00000000f8880000,0x00000000f9a00000)
  to   space 18432K, 0% used [0x00000000f7600000,0x00000000f7600000,0x00000000f8800000)
 ParOldGen       total 349696K, used 349692K [0x00000000e0000000, 0x00000000f5580000, 0x00000000f5580000)
  object space 349696K, 99% used [0x00000000e0000000,0x00000000f557f028,0x00000000f5580000)
 Metaspace       used 53138K, committed 54208K, reserved 1097728K
  class space    used 5163K, committed 5632K, reserved 1048576K
}
Event: 726.410 GC heap before
{Heap before GC invocations=475 (full 411):
 PSYoungGen      total 51200K, used 33280K [0x00000000f5580000, 0x00000000f9c80000, 0x0000000100000000)
  eden space 33280K, 100% used [0x00000000f5580000,0x00000000f7600000,0x00000000f7600000)
  from space 17920K, 0% used [0x00000000f8880000,0x00000000f8880000,0x00000000f9a00000)
  to   space 18432K, 0% used [0x00000000f7600000,0x00000000f7600000,0x00000000f8800000)
 ParOldGen       total 349696K, used 349694K [0x00000000e0000000, 0x00000000f5580000, 0x00000000f5580000)
  object space 349696K, 99% used [0x00000000e0000000,0x00000000f557fbd8,0x00000000f5580000)
 Metaspace       used 53138K, committed 54208K, reserved 1097728K
  class space    used 5163K, committed 5632K, reserved 1048576K
}
Event: 727.772 GC heap after
{Heap after GC invocations=475 (full 411):
 PSYoungGen      total 51712K, used 33280K [0x00000000f5580000, 0x00000000f9c80000, 0x0000000100000000)
  eden space 33280K, 100% used [0x00000000f5580000,0x00000000f7600000,0x00000000f7600000)
  from space 18432K, 0% used [0x00000000f7600000,0x00000000f7600000,0x00000000f8800000)
  to   space 17920K, 0% used [0x00000000f8880000,0x00000000f8880000,0x00000000f9a00000)
 ParOldGen       total 349696K, used 349694K [0x00000000e0000000, 0x00000000f5580000, 0x00000000f5580000)
  object space 349696K, 99% used [0x00000000e0000000,0x00000000f557fb98,0x00000000f5580000)
 Metaspace       used 53138K, committed 54208K, reserved 1097728K
  class space    used 5163K, committed 5632K, reserved 1048576K
}
Event: 727.776 GC heap before
{Heap before GC invocations=476 (full 412):
 PSYoungGen      total 51712K, used 33280K [0x00000000f5580000, 0x00000000f9c80000, 0x0000000100000000)
  eden space 33280K, 100% used [0x00000000f5580000,0x00000000f7600000,0x00000000f7600000)
  from space 18432K, 0% used [0x00000000f7600000,0x00000000f7600000,0x00000000f8800000)
  to   space 17920K, 0% used [0x00000000f8880000,0x00000000f8880000,0x00000000f9a00000)
 ParOldGen       total 349696K, used 349695K [0x00000000e0000000, 0x00000000f5580000, 0x00000000f5580000)
  object space 349696K, 99% used [0x00000000e0000000,0x00000000f557fe28,0x00000000f5580000)
 Metaspace       used 53138K, committed 54208K, reserved 1097728K
  class space    used 5163K, committed 5632K, reserved 1048576K
}
Event: 729.074 GC heap after
{Heap after GC invocations=476 (full 412):
 PSYoungGen      total 51200K, used 33280K [0x00000000f5580000, 0x00000000f9c80000, 0x0000000100000000)
  eden space 33280K, 100% used [0x00000000f5580000,0x00000000f7600000,0x00000000f7600000)
  from space 17920K, 0% used [0x00000000f8880000,0x00000000f8880000,0x00000000f9a00000)
  to   space 18432K, 0% used [0x00000000f7600000,0x00000000f7600000,0x00000000f8800000)
 ParOldGen       total 349696K, used 349695K [0x00000000e0000000, 0x00000000f5580000, 0x00000000f5580000)
  object space 349696K, 99% used [0x00000000e0000000,0x00000000f557fd20,0x00000000f5580000)
 Metaspace       used 53138K, committed 54208K, reserved 1097728K
  class space    used 5163K, committed 5632K, reserved 1048576K
}
Event: 729.074 GC heap before
{Heap before GC invocations=477 (full 413):
 PSYoungGen      total 51200K, used 33280K [0x00000000f5580000, 0x00000000f9c80000, 0x0000000100000000)
  eden space 33280K, 100% used [0x00000000f5580000,0x00000000f7600000,0x00000000f7600000)
  from space 17920K, 0% used [0x00000000f8880000,0x00000000f8880000,0x00000000f9a00000)
  to   space 18432K, 0% used [0x00000000f7600000,0x00000000f7600000,0x00000000f8800000)
 ParOldGen       total 349696K, used 349695K [0x00000000e0000000, 0x00000000f5580000, 0x00000000f5580000)
  object space 349696K, 99% used [0x00000000e0000000,0x00000000f557fd20,0x00000000f5580000)
 Metaspace       used 53138K, committed 54208K, reserved 1097728K
  class space    used 5163K, committed 5632K, reserved 1048576K
}
Event: 730.564 GC heap after
{Heap after GC invocations=477 (full 413):
 PSYoungGen      total 51712K, used 33280K [0x00000000f5580000, 0x00000000f9c80000, 0x0000000100000000)
  eden space 33280K, 100% used [0x00000000f5580000,0x00000000f7600000,0x00000000f7600000)
  from space 18432K, 0% used [0x00000000f7600000,0x00000000f7600000,0x00000000f8800000)
  to   space 17920K, 0% used [0x00000000f8880000,0x00000000f8880000,0x00000000f9a00000)
 ParOldGen       total 349696K, used 349695K [0x00000000e0000000, 0x00000000f5580000, 0x00000000f5580000)
  object space 349696K, 99% used [0x00000000e0000000,0x00000000f557fd20,0x00000000f5580000)
 Metaspace       used 53138K, committed 54208K, reserved 1097728K
  class space    used 5163K, committed 5632K, reserved 1048576K
}

